<?xml version="1.0" encoding="UTF-8"?>
<!-- Generated by org.testng.reporters.JUnitReportReporter -->
<testsuite hostname="DESKTOP-4G6V73A" failures="0" tests="1" name="com.TestLayer.LoginPageTest" time="1.035" errors="0" timestamp="2023-07-27T08:27:15 IST" skipped="0">
  <testcase classname="com.TestLayer.LoginPageTest" name="validateLoginFunctionality" time="1.035"/>
  <system-out/>
</testsuite> <!-- com.TestLayer.LoginPageTest -->
